[2016-05-30 18:35:01] START
[2016-05-30 20:05:12] EDIT mem1/models/db.py: 31
[2016-05-30 20:06:20] EDIT mem1/models/db.py: 0
[2016-05-30 20:29:20] EDIT mem1/controllers/default.py: -7
[2016-05-30 21:38:22] EDIT mem1/controllers/default.py: 0
[2016-05-30 22:21:32] EDIT mem1/controllers/default.py: 9
[2016-05-30 22:22:28] EDIT mem1/controllers/default.py: 0
[2016-05-30 22:24:20] CREATE default/display_form.html: 0
[2016-05-30 22:26:49] EDIT mem1/views/default/display_form.html: 2
[2016-06-10 21:00:28] EDIT mem1/controllers/default.py: 0
[2016-06-11 12:30:12] EDIT mem1/controllers/default.py: 15
[2016-06-11 12:36:01] CREATE default/form2.html: 0
[2016-06-11 12:38:43] EDIT mem1/views/default/form2.html: 3
[2016-06-11 12:42:22] EDIT mem1/controllers/default.py: 0
[2016-06-11 13:12:06] EDIT mem1/controllers/default.py: 3
[2016-06-11 13:37:27] EDIT mem1/models/db.py: 0
[2016-06-11 13:38:01] EDIT mem1/models/db.py: 0
[2016-06-11 13:42:02] EDIT mem1/controllers/default.py: 0
[2016-06-11 13:46:46] EDIT mem1/controllers/default.py: 2
[2016-06-11 14:14:29] CREATE _default/form3.html: 0
[2016-06-11 14:15:07] DELETE mem1/views/_default/form3.html: -3
[2016-06-11 14:15:20] CREATE default/form3.html: 0
[2016-06-11 14:20:27] EDIT mem1/views/default/form3.html: 1
[2016-06-11 14:20:58] CREATE default/newmember_form.html: 0
[2016-06-11 14:21:43] EDIT mem1/controllers/default.py: 25
[2016-06-11 14:23:26] EDIT mem1/controllers/default.py: 0
[2016-06-11 14:24:37] EDIT mem1/views/default/newmember_form.html: 0
[2016-06-11 14:25:04] EDIT mem1/views/default/newmember_form.html: 1
[2016-06-11 14:26:43] EDIT mem1/views/default/newmember_form.html: 0
[2016-06-11 14:36:25] EDIT mem1/views/default/newmember_form.html: 0
[2016-06-11 14:37:48] EDIT mem1/views/default/newmember_form.html: -1
[2016-06-11 14:38:08] EDIT mem1/views/default/newmember_form.html: 0
[2016-06-11 14:38:36] EDIT mem1/views/default/form3.html: -1
[2016-06-11 14:54:53] EDIT mem1/controllers/default.py: 2
[2016-06-11 15:00:10] EDIT mem1/controllers/default.py: 0
[2016-06-11 15:02:16] EDIT mem1/controllers/default.py: 0
[2016-06-11 15:02:46] EDIT mem1/views/default/form3.html: 0
[2016-06-11 15:06:46] EDIT mem1/views/default/index.html: -46
[2016-06-11 15:07:38] EDIT mem1/controllers/default.py: 2
[2016-06-11 15:08:21] EDIT mem1/controllers/default.py: 0
[2016-06-11 15:13:13] EDIT mem1/controllers/default.py: 0
[2016-06-11 15:13:52] EDIT mem1/views/default/index.html: 5
[2016-06-11 15:14:47] CREATE default/list_members.html: 0
[2016-06-11 15:15:41] EDIT mem1/views/default/list_members.html: -1
[2016-06-11 15:23:45] EDIT mem1/controllers/default.py: 0
[2016-06-11 15:55:22] EDIT mem1/models/db.py: 0
[2016-06-11 16:08:50] EDIT mem1/views/default/newmember_form.html: 0
[2016-06-11 16:09:54] EDIT mem1/views/default/newmember_form.html: -1
[2016-06-11 16:15:53] EDIT mem1/models/db.py: 1
[2016-06-11 16:21:46] EDIT mem1/controllers/default.py: 12
[2016-06-11 16:31:48] CREATE default/get_id.html: 0
[2016-06-11 16:43:16] EDIT mem1/views/default/index.html: 1
[2016-06-11 16:43:24] EDIT mem1/controllers/default.py: -5
[2016-06-11 16:44:57] EDIT mem1/controllers/default.py: 0
[2016-06-11 16:45:54] EDIT mem1/controllers/default.py: 0
[2016-06-11 16:47:39] EDIT mem1/controllers/default.py: 0
[2016-06-11 16:48:12] EDIT mem1/controllers/default.py: 0
[2016-06-11 17:04:28] EDIT mem1/controllers/default.py: 0
[2016-06-11 17:06:03] EDIT mem1/controllers/default.py: 0
[2016-06-11 17:07:45] EDIT mem1/controllers/default.py: 1
[2016-06-11 17:08:21] EDIT mem1/controllers/default.py: 0
[2016-06-11 17:10:30] EDIT mem1/views/default/get_id.html: -1
[2016-06-11 17:13:41] EDIT mem1/views/default/get_id.html: 0
[2016-06-11 17:21:37] EDIT mem1/controllers/default.py: 1
[2016-06-11 17:22:16] EDIT mem1/views/default/get_id.html: 2
[2016-06-11 17:24:17] EDIT mem1/controllers/default.py: 2
[2016-06-11 17:25:33] EDIT mem1/controllers/default.py: 0
[2016-06-11 17:27:07] EDIT mem1/controllers/default.py: 0
[2016-06-11 17:28:00] EDIT mem1/controllers/default.py: 0
[2016-06-11 17:31:45] EDIT mem1/controllers/default.py: 0
[2016-06-11 17:35:54] EDIT mem1/controllers/default.py: 1
[2016-06-11 17:39:03] EDIT mem1/models/db.py: 0
[2016-06-12 10:43:02] EDIT mem1/controllers/default.py: 0
[2016-06-12 14:59:23] EDIT mem1/controllers/default.py: -1
[2016-06-12 15:01:26] EDIT mem1/controllers/default.py: 0
[2016-06-12 15:03:24] EDIT mem1/controllers/default.py: 0
[2016-06-12 15:06:57] EDIT mem1/controllers/default.py: 0
[2016-06-12 15:08:21] EDIT mem1/controllers/default.py: 0
[2016-06-12 16:29:40] EDIT mem1/controllers/default.py: 9
[2016-06-12 16:30:58] EDIT mem1/controllers/default.py: 0
[2016-06-12 16:32:54] EDIT mem1/controllers/default.py: 1
[2016-06-12 16:37:08] EDIT mem1/controllers/default.py: 0
[2016-06-12 16:50:01] EDIT mem1/controllers/default.py: 0
[2016-06-19 11:12:00] EDIT mem1/models/db.py: 1
[2016-06-19 11:12:04] EDIT mem1/controllers/default.py: 0
[2016-06-19 11:12:36] EDIT mem1/controllers/default.py: 0
[2016-06-19 11:13:20] EDIT mem1/controllers/default.py: 0
[2016-06-19 11:14:46] EDIT mem1/controllers/default.py: 0
[2016-06-19 11:16:04] EDIT mem1/controllers/default.py: 1
[2016-06-19 11:17:44] EDIT mem1/controllers/default.py: 0
[2016-06-19 11:18:06] EDIT mem1/controllers/default.py: 0
[2016-06-19 11:18:33] EDIT mem1/controllers/default.py: 0
[2016-06-19 11:19:17] EDIT mem1/controllers/default.py: 0
[2016-06-19 11:21:01] EDIT mem1/controllers/default.py: 0
[2016-06-19 11:21:26] EDIT mem1/controllers/default.py: 0
[2016-06-19 11:29:24] EDIT mem1/models/db.py: 0
[2016-06-19 11:31:47] EDIT mem1/controllers/default.py: 1
[2016-06-19 11:33:09] EDIT mem1/controllers/default.py: 0
[2016-06-19 11:35:15] EDIT mem1/controllers/default.py: 0
[2016-06-19 11:36:50] EDIT mem1/views/default/form3.html: 0
[2016-06-19 11:47:33] EDIT mem1/controllers/default.py: 1
[2016-06-19 11:49:09] EDIT mem1/controllers/default.py: 0
[2016-06-19 11:49:15] EDIT mem1/controllers/default.py: 0
[2016-06-19 11:49:51] EDIT mem1/controllers/default.py: 0
[2016-06-19 11:50:53] EDIT mem1/controllers/default.py: 0
[2016-06-19 11:53:25] EDIT mem1/controllers/default.py: 0
[2016-06-19 11:55:00] EDIT mem1/controllers/default.py: 0
[2016-06-19 11:55:29] EDIT mem1/controllers/default.py: 1
[2016-06-19 11:57:28] EDIT mem1/controllers/default.py: -1
[2016-06-19 11:59:11] EDIT mem1/controllers/default.py: 0
[2016-06-19 12:57:51] EDIT mem1/controllers/default.py: 12
[2016-06-19 13:15:03] EDIT mem1/controllers/default.py: 3
[2016-06-19 13:15:28] EDIT mem1/controllers/default.py: 1
[2016-06-19 13:21:06] EDIT mem1/controllers/default.py: 3
[2016-08-14 18:16:23] UPLOAD /var/www/web2py/applications/mem1/modules/wpa_email.py: 186
[2016-08-14 18:18:05] UPLOAD /var/www/web2py/applications/mem1/static/Header.png: 243
[2016-08-14 18:19:28] EDIT mem1/modules/wpa_email.py: 0
[2016-08-14 18:36:17] EDIT mem1/views/default/index.html: 0
[2016-08-14 18:36:23] EDIT mem1/controllers/default.py: 1
[2016-08-14 18:42:51] EDIT mem1/controllers/default.py: 0
[2016-08-14 18:56:42] EDIT mem1/controllers/default.py: 2
[2016-08-14 19:12:54] EDIT mem1/private/appconfig.ini: 0
[2016-08-14 19:13:41] CREATE email.py: 0
[2016-08-14 19:24:51] EDIT mem1/controllers/email.py: 15
[2016-08-14 19:28:06] EDIT mem1/controllers/default.py: 1
[2016-08-14 19:32:26] CREATE email.py: 0
[2016-08-14 19:32:45] EDIT mem1/modules/email.py: 16
[2016-08-14 19:33:31] EDIT mem1/modules/email.py: 0
[2016-08-14 19:33:51] DELETE mem1/controllers/email.py: -16
[2016-08-14 19:35:01] EDIT mem1/controllers/default.py: 0
[2016-08-14 19:40:46] EDIT mem1/models/db.py: 1
[2016-08-14 20:07:34] EDIT mem1/controllers/default.py: 0
[2016-08-14 20:10:24] EDIT mem1/controllers/default.py: 1
[2016-08-14 20:14:39] CREATE mem1email.py: 0
[2016-08-14 20:14:49] EDIT mem1/modules/mem1email.py: 16
[2016-08-14 20:15:44] EDIT mem1/controllers/default.py: 0
[2016-08-14 20:17:10] EDIT mem1/controllers/default.py: 16
[2016-08-14 20:33:53] EDIT mem1/controllers/default.py: 0
[2016-08-14 20:40:43] EDIT mem1/controllers/default.py: 0
[2016-08-22 18:53:06] EDIT mem1/controllers/default.py: 4
[2016-08-22 18:59:19] EDIT mem1/controllers/default.py: 1
[2016-08-22 19:27:32] EDIT mem1/private/appconfig.ini: 0
[2016-08-22 19:29:34] EDIT mem1/controllers/default.py: -5
[2016-08-22 19:34:13] EDIT mem1/controllers/default.py: 0
[2016-08-22 19:39:59] EDIT mem1/controllers/default.py: 0
[2016-08-22 19:46:32] EDIT mem1/controllers/default.py: 5
[2016-08-22 21:19:56] EDIT mem1/controllers/default.py: 0
[2016-12-11 17:20:22] EDIT mem1/controllers/default.py: 0
[2016-12-11 17:24:32] EDIT mem1/controllers/default.py: 0
[2016-12-11 17:47:28] EDIT mem1/controllers/default.py: -21
[2016-12-11 17:54:43] EDIT mem1/modules/mem1email.py: 1
[2016-12-11 17:56:11] EDIT mem1/controllers/default.py: 0
[2016-12-11 18:01:34] EDIT mem1/controllers/default.py: 0
[2016-12-11 18:02:54] EDIT mem1/modules/mem1email.py: -1
[2016-12-11 18:03:49] EDIT mem1/controllers/default.py: 0
[2016-12-11 18:13:09] EDIT mem1/modules/mem1email.py: 5
[2016-12-11 18:16:40] EDIT mem1/modules/mem1email.py: 0
[2016-12-11 18:17:58] EDIT mem1/controllers/default.py: 0
[2016-12-11 18:59:15] CREATE emailbody.txt.py: 0
[2016-12-11 19:00:15] EDIT mem1/models/emailbody.txt.py: 8
[2016-12-11 19:01:50] UPLOAD /var/www/web2py/applications/mem1/static/emailbody.txt: 8
[2016-12-11 19:07:20] EDIT mem1/controllers/default.py: 3
[2016-12-11 19:16:55] UPLOAD /var/www/web2py/applications/mem1/modules/emailbody.txt.py: 8
[2016-12-11 19:20:43] DELETE mem1/modules/emailbody.txt.py: -8
[2016-12-11 19:25:34] EDIT mem1/controllers/default.py: 0
[2016-12-11 19:26:11] EDIT mem1/controllers/default.py: 1
[2016-12-11 19:32:05] EDIT mem1/controllers/default.py: -4
[2016-12-11 19:34:31] EDIT mem1/controllers/default.py: 0
[2016-12-11 19:43:20] EDIT mem1/static/emailbody.txt: 0
[2016-12-11 19:44:57] EDIT mem1/modules/mem1email.py: 4
[2016-12-11 19:46:00] EDIT mem1/modules/mem1email.py: 0
[2016-12-11 20:01:11] EDIT mem1/controllers/default.py: 0
[2016-12-11 20:01:16] EDIT mem1/modules/mem1email.py: 1
[2016-12-11 20:09:27] UPLOAD /var/www/web2py/applications/mem1/static/Header.png: 243
[2016-12-11 20:24:25] EDIT mem1/modules/mem1email.py: 3
[2016-12-11 20:24:44] EDIT mem1/modules/mem1email.py: 0
[2016-12-11 20:25:16] EDIT mem1/modules/mem1email.py: 0
[2016-12-23 12:07:56] EDIT mem1/controllers/default.py: 0
[2016-12-23 12:08:00] EDIT mem1/controllers/default.py: 0
[2016-12-23 12:19:28] EDIT mem1/views/default/form2.html: 1
[2016-12-23 12:20:20] EDIT mem1/controllers/default.py: 0
[2016-12-23 12:21:54] EDIT mem1/views/default/form2.html: 0
[2016-12-23 12:22:07] EDIT mem1/views/default/form2.html: 0
[2016-12-23 12:22:10] EDIT mem1/controllers/default.py: 0
[2016-12-23 13:04:41] EDIT mem1/controllers/default.py: 2
[2016-12-23 13:20:04] EDIT mem1/controllers/default.py: 0
[2016-12-23 13:24:58] EDIT mem1/controllers/default.py: 1
[2016-12-23 13:26:18] EDIT mem1/views/default/form2.html: 1
[2016-12-23 13:26:59] EDIT mem1/controllers/default.py: 0
[2016-12-23 13:29:01] EDIT mem1/views/default/form2.html: 1
[2016-12-23 13:37:08] EDIT mem1/views/default/form2.html: 0
[2016-12-23 13:39:47] EDIT mem1/controllers/default.py: 0
[2016-12-23 13:42:49] EDIT mem1/controllers/default.py: 0
[2016-12-23 13:43:29] EDIT mem1/views/default/form2.html: 0
[2016-12-23 13:58:12] EDIT mem1/controllers/default.py: 0
[2016-12-23 14:03:43] EDIT mem1/controllers/default.py: 0
[2016-12-23 14:08:39] EDIT mem1/views/default/form3.html: 1
[2016-12-23 14:16:27] EDIT mem1/views/default/form3.html: 1
[2016-12-23 14:19:22] EDIT mem1/views/default/form2.html: 0
[2016-12-23 14:20:29] EDIT mem1/controllers/default.py: 0
[2016-12-23 14:21:35] EDIT mem1/views/default/form2.html: 0
[2016-12-23 14:23:45] EDIT mem1/views/default/form2.html: -1
[2016-12-23 14:29:26] EDIT mem1/controllers/default.py: 0
[2016-12-23 14:32:58] EDIT mem1/views/default/form2.html: 0
[2016-12-23 14:40:47] EDIT mem1/controllers/default.py: 0
[2016-12-23 14:46:14] EDIT mem1/controllers/default.py: 0
[2016-12-23 14:48:12] EDIT mem1/controllers/default.py: 0
[2016-12-23 16:13:41] CREATE ToDo.txt: 0
[2016-12-23 16:15:20] EDIT mem1/private/ToDo.txt: 1
[2016-12-23 16:28:44] EDIT mem1/views/default/form3.html: 0
[2016-12-23 23:13:43] EDIT mem1/views/default/form3.html: 2
[2016-12-23 23:17:24] EDIT mem1/controllers/default.py: 1
[2016-12-23 23:18:00] EDIT mem1/views/default/form3.html: 0
[2016-12-23 23:19:10] EDIT mem1/controllers/default.py: 0
[2016-12-23 23:24:59] EDIT mem1/controllers/default.py: 0
[2016-12-23 23:30:23] EDIT mem1/controllers/default.py: 0
[2016-12-23 23:32:18] EDIT mem1/controllers/default.py: 0
[2016-12-23 23:34:46] EDIT mem1/controllers/default.py: 1
[2016-12-24 08:32:37] EDIT mem1/views/default/form2.html: 0
[2016-12-24 08:35:25] EDIT mem1/views/default/newmember_form.html: 0
[2016-12-24 08:43:32] EDIT mem1/views/default/newmember_form.html: 2
[2016-12-24 08:49:52] EDIT mem1/views/default/form3.html: 0
[2016-12-24 08:50:27] EDIT mem1/controllers/default.py: 1
[2016-12-24 08:54:24] EDIT mem1/controllers/default.py: 2
[2016-12-24 08:58:00] EDIT mem1/controllers/default.py: 0
[2016-12-24 09:00:27] EDIT mem1/controllers/default.py: 0
[2016-12-24 09:02:38] EDIT mem1/controllers/default.py: 0
[2016-12-24 09:37:11] EDIT mem1/controllers/default.py: 1
[2016-12-24 09:46:20] EDIT mem1/controllers/default.py: 0
[2016-12-24 09:48:19] EDIT mem1/views/default/form3.html: 0
[2016-12-24 09:51:54] EDIT mem1/controllers/default.py: 1
[2016-12-24 09:55:54] EDIT mem1/controllers/default.py: 0
[2016-12-24 10:18:22] EDIT mem1/controllers/default.py: -2
[2016-12-24 11:05:56] EDIT mem1/modules/mem1email.py: 5
[2016-12-24 11:07:17] EDIT mem1/modules/mem1email.py: 0
[2016-12-24 11:35:49] EDIT mem1/views/default/form3.html: 1
[2016-12-24 11:35:54] EDIT mem1/controllers/default.py: 8
[2016-12-24 11:37:37] EDIT mem1/controllers/default.py: 0
[2016-12-24 11:57:31] EDIT mem1/controllers/default.py: 0
[2016-12-24 12:03:28] EDIT mem1/controllers/default.py: 2
[2016-12-24 12:04:16] EDIT mem1/controllers/default.py: 0
[2016-12-24 12:04:53] EDIT mem1/modules/mem1email.py: 2
[2016-12-25 20:30:03] EDIT mem1/models/db.py: 0
[2016-12-25 20:51:27] EDIT mem1/private/appconfig.ini: 0
[2016-12-25 20:52:11] EDIT mem1/models/db.py: 3
[2016-12-25 20:52:15] EDIT mem1/private/appconfig.ini: 0
[2016-12-25 20:58:13] EDIT mem1/models/db.py: -3
[2016-12-25 20:58:40] EDIT mem1/models/db.py: 0
[2016-12-25 21:06:22] EDIT mem1/modules/mem1email.py: 1
[2016-12-25 21:14:02] EDIT mem1/modules/mem1email.py: 1
[2016-12-25 21:29:09] EDIT mem1/controllers/default.py: 5
[2016-12-25 21:56:58] EDIT mem1/views/default/index.html: 1
[2016-12-25 22:22:19] EDIT mem1/controllers/default.py: 1
[2016-12-26 11:02:03] EDIT mem1/controllers/default.py: 3
[2016-12-26 11:02:42] EDIT mem1/controllers/default.py: 0
[2016-12-26 11:05:46] EDIT mem1/views/default/index.html: 1
[2016-12-26 11:13:50] EDIT mem1/controllers/default.py: 0
[2016-12-26 11:42:57] EDIT mem1/models/db.py: 17
[2016-12-26 11:43:46] CREATE joad_ctrl.py: 0
[2016-12-26 11:51:36] EDIT mem1/controllers/joad_ctrl.py: 1
[2016-12-26 11:53:38] CREATE joad_ctrl/pin_shoot.html: 0
[2016-12-26 13:29:25] EDIT mem1/models/db.py: 0
[2016-12-26 13:33:47] EDIT mem1/controllers/joad_ctrl.py: 2
[2016-12-26 13:37:45] EDIT mem1/views/default/index.html: 2
[2016-12-26 13:39:02] EDIT mem1/controllers/default.py: 2
[2016-12-26 13:40:27] EDIT mem1/models/db.py: 0
[2016-12-26 13:40:33] EDIT mem1/views/default/index.html: -9
[2016-12-26 13:43:36] CREATE default/pin_shoot.html: 0
[2016-12-26 13:53:31] EDIT mem1/controllers/default.py: 0
[2016-12-27 07:33:13] EDIT mem1/controllers/default.py: 0
[2016-12-27 07:38:10] EDIT mem1/controllers/default.py: 4
[2016-12-27 07:38:53] EDIT mem1/controllers/default.py: 0
[2016-12-27 07:39:05] EDIT mem1/controllers/default.py: 0
[2016-12-27 07:43:14] EDIT mem1/views/default/pin_shoot.html: -1
[2016-12-27 07:45:40] CREATE default/registration.html: 0
[2016-12-27 07:46:05] EDIT mem1/views/default/registration.html: -1
[2016-12-27 07:48:22] EDIT mem1/controllers/default.py: 0
[2016-12-27 17:44:49] EDIT mem1/controllers/default.py: -4
[2016-12-27 17:47:07] EDIT mem1/controllers/joad_ctrl.py: 0
[2016-12-27 17:47:28] EDIT mem1/controllers/joad_ctrl.py: 0
[2016-12-27 17:55:00] EDIT mem1/controllers/joad_ctrl.py: 3
[2016-12-27 17:56:30] EDIT mem1/views/joad_ctrl/pin_shoot.html: -1
[2016-12-27 17:57:18] CREATE joad_ctrl/registration.html: 0
[2016-12-27 17:57:30] DELETE mem1/views/default/pin_shoot.html: -2
[2016-12-27 17:57:48] DELETE mem1/views/default/registration.html: -2
[2016-12-27 17:58:27] EDIT mem1/views/joad_ctrl/registration.html: -1
[2016-12-27 17:59:40] EDIT mem1/views/default/newmember_form.html: 1
[2016-12-27 18:00:13] EDIT mem1/views/default/get_id.html: 1
[2016-12-27 18:00:40] EDIT mem1/views/default/get_id.html: -1
[2016-12-27 18:05:02] EDIT mem1/controllers/default.py: 3
[2016-12-27 18:08:01] EDIT mem1/models/db.py: 1
[2016-12-27 18:44:35] EDIT mem1/models/db.py: 1
[2016-12-28 11:46:30] EDIT mem1/controllers/joad_ctrl.py: 5
[2016-12-28 12:51:20] EDIT mem1/controllers/default.py: 8
[2016-12-28 12:51:41] EDIT mem1/controllers/default.py: 0
[2016-12-28 12:52:15] EDIT mem1/controllers/default.py: 0
[2016-12-28 12:52:23] EDIT mem1/controllers/joad_ctrl.py: 6
[2016-12-28 12:52:28] EDIT mem1/models/db.py: 2
[2016-12-28 12:53:22] EDIT mem1/controllers/default.py: -1
[2016-12-28 14:28:42] EDIT mem1/models/db.py: 1
[2016-12-28 14:30:25] EDIT mem1/models/db.py: 0
[2016-12-28 14:39:26] EDIT mem1/controllers/default.py: -3
[2016-12-28 14:44:08] EDIT mem1/controllers/default.py: 0
[2016-12-28 14:44:13] EDIT mem1/controllers/joad_ctrl.py: 0
[2016-12-28 14:44:17] EDIT mem1/models/db.py: 0
[2016-12-28 14:47:04] EDIT mem1/views/joad_ctrl/registration.html: 1
[2016-12-28 14:55:22] EDIT mem1/views/joad_ctrl/pin_shoot.html: 1
[2016-12-28 14:56:41] EDIT mem1/views/joad_ctrl/pin_shoot.html: 0
[2016-12-28 14:57:10] EDIT mem1/views/joad_ctrl/registration.html: 0
[2016-12-28 14:57:16] EDIT mem1/views/joad_ctrl/pin_shoot.html: 0
[2016-12-28 15:02:25] EDIT mem1/controllers/default.py: 0
[2016-12-28 15:08:21] EDIT mem1/controllers/joad_ctrl.py: 1
[2016-12-28 15:10:05] EDIT mem1/controllers/default.py: 0
[2016-12-28 15:10:38] EDIT mem1/controllers/default.py: 0
[2016-12-28 15:35:51] EDIT mem1/controllers/joad_ctrl.py: 2
[2016-12-28 15:35:57] EDIT mem1/controllers/default.py: 0
[2016-12-28 15:38:41] EDIT mem1/controllers/joad_ctrl.py: 0
[2016-12-28 15:42:39] EDIT mem1/controllers/default.py: 1
[2016-12-28 15:42:52] EDIT mem1/controllers/default.py: 0
[2016-12-28 15:44:10] EDIT mem1/controllers/joad_ctrl.py: 0
[2016-12-28 21:13:54] EDIT mem1/controllers/joad_ctrl.py: 2
[2016-12-28 21:15:19] EDIT mem1/controllers/default.py: -1
[2016-12-28 21:15:38] EDIT mem1/models/db.py: 0
[2016-12-28 21:25:57] DELETE mem1/models/emailbody.txt.py: -8
[2016-12-28 21:26:52] CREATE fuct.py: 0
[2016-12-28 21:32:15] EDIT mem1/modules/fuct.py: 6
[2016-12-28 21:35:09] EDIT mem1/controllers/joad_ctrl.py: 0
[2016-12-28 21:37:24] EDIT mem1/controllers/default.py: -4
[2016-12-28 21:37:42] EDIT mem1/controllers/default.py: 0
[2016-12-29 08:29:23] EDIT mem1/models/db.py: 0
[2016-12-29 08:31:38] EDIT mem1/controllers/joad_ctrl.py: 1
[2016-12-29 08:31:43] EDIT mem1/models/db.py: 0
[2016-12-29 08:31:48] EDIT mem1/controllers/default.py: -1
[2016-12-29 08:36:48] EDIT mem1/modules/fuct.py: 1
[2016-12-29 10:08:18] EDIT mem1/private/appconfig.ini: 0
[2016-12-29 10:14:42] EDIT mem1/models/db.py: 5
[2016-12-29 10:15:26] EDIT mem1/models/db.py: -5
[2016-12-29 10:31:43] EDIT mem1/models/db.py: -1
[2016-12-29 13:49:11] EDIT mem1/private/appconfig.ini: 0
[2016-12-29 13:54:27] EDIT mem1/models/db.py: 4
[2016-12-29 13:57:10] CREATE default/instructor.html: 0
[2016-12-29 13:57:44] EDIT mem1/views/default/instructor.html: -1
[2016-12-29 13:58:41] EDIT mem1/controllers/default.py: 4
[2016-12-29 13:58:52] EDIT mem1/controllers/default.py: 0
[2016-12-29 14:02:01] EDIT mem1/private/appconfig.ini: 1
[2016-12-30 08:15:57] EDIT mem1/private/ToDo.txt: 2
[2016-12-30 08:18:05] DELETE mem1/modules/email.py: -17
[2016-12-30 08:19:19] DELETE mem1/modules/wpa_email.py: -186
